# JRE version: OpenJDK Runtime Environment (8.0_172) (build 1.8.0_172-solus-b00)
# Java VM: OpenJDK 64-Bit Server VM (25.172-b00 mixed mode linux-amd64 compressed oops)
Heap:
 PSYoungGen      total 478720K, used 0K [0x00000000d6e00000, 0x00000000fad80000, 0x0000000100000000)
  eden space 381440K, 0% used [0x00000000d6e00000,0x00000000d6e00000,0x00000000ee280000)
  from space 97280K, 0% used [0x00000000f4e80000,0x00000000f4e80000,0x00000000fad80000)
  to   space 103936K, 0% used [0x00000000ee280000,0x00000000ee280000,0x00000000f4800000)
 ParOldGen       total 201728K, used 139912K [0x0000000084a00000, 0x0000000090f00000, 0x00000000d6e00000)
  object space 201728K, 69% used [0x0000000084a00000,0x000000008d2a2150,0x0000000090f00000)
 Metaspace       used 72585K, capacity 74678K, committed 75008K, reserved 1116160K
  class space    used 8679K, capacity 9187K, committed 9216K, reserved 1048576K
GC Heap History (10 events):
Event: 24.185 GC heap after
Heap after GC invocations=25 (full 3):
 PSYoungGen      total 328192K, used 60919K [0x00000000d6e00000, 0x00000000f4580000, 0x0000000100000000)
  eden space 267264K, 0% used [0x00000000d6e00000,0x00000000d6e00000,0x00000000e7300000)
  from space 60928K, 99% used [0x00000000ebe00000,0x00000000ef97dfb8,0x00000000ef980000)
  to   space 76800K, 0% used [0x00000000e7300000,0x00000000e7300000,0x00000000ebe00000)
 ParOldGen       total 201728K, used 120498K [0x0000000084a00000, 0x0000000090f00000, 0x00000000d6e00000)
  object space 201728K, 59% used [0x0000000084a00000,0x000000008bfac9d8,0x0000000090f00000)
 Metaspace       used 72156K, capacity 74332K, committed 74496K, reserved 1114112K
  class space    used 8694K, capacity 9216K, committed 9216K, reserved 1048576K
}
Event: 24.767 GC heap before
{Heap before GC invocations=26 (full 3):
 PSYoungGen      total 328192K, used 328183K [0x00000000d6e00000, 0x00000000f4580000, 0x0000000100000000)
  eden space 267264K, 100% used [0x00000000d6e00000,0x00000000e7300000,0x00000000e7300000)
  from space 60928K, 99% used [0x00000000ebe00000,0x00000000ef97dfb8,0x00000000ef980000)
  to   space 76800K, 0% used [0x00000000e7300000,0x00000000e7300000,0x00000000ebe00000)
 ParOldGen       total 201728K, used 120498K [0x0000000084a00000, 0x0000000090f00000, 0x00000000d6e00000)
  object space 201728K, 59% used [0x0000000084a00000,0x000000008bfac9d8,0x0000000090f00000)
 Metaspace       used 72453K, capacity 74588K, committed 74752K, reserved 1114112K
  class space    used 8694K, capacity 9216K, committed 9216K, reserved 1048576K
Event: 24.805 GC heap after
Heap after GC invocations=26 (full 3):
 PSYoungGen      total 344064K, used 72995K [0x00000000d6e00000, 0x00000000f6200000, 0x0000000100000000)
  eden space 267264K, 0% used [0x00000000d6e00000,0x00000000d6e00000,0x00000000e7300000)
  from space 76800K, 95% used [0x00000000e7300000,0x00000000eba48eb8,0x00000000ebe00000)
  to   space 88064K, 0% used [0x00000000f0c00000,0x00000000f0c00000,0x00000000f6200000)
 ParOldGen       total 201728K, used 123944K [0x0000000084a00000, 0x0000000090f00000, 0x00000000d6e00000)
  object space 201728K, 61% used [0x0000000084a00000,0x000000008c30a088,0x0000000090f00000)
 Metaspace       used 72453K, capacity 74588K, committed 74752K, reserved 1114112K
  class space    used 8694K, capacity 9216K, committed 9216K, reserved 1048576K
}
Event: 25.216 GC heap before
{Heap before GC invocations=27 (full 3):
 PSYoungGen      total 344064K, used 340259K [0x00000000d6e00000, 0x00000000f6200000, 0x0000000100000000)
  eden space 267264K, 100% used [0x00000000d6e00000,0x00000000e7300000,0x00000000e7300000)
  from space 76800K, 95% used [0x00000000e7300000,0x00000000eba48eb8,0x00000000ebe00000)
  to   space 88064K, 0% used [0x00000000f0c00000,0x00000000f0c00000,0x00000000f6200000)
 ParOldGen       total 201728K, used 123944K [0x0000000084a00000, 0x0000000090f00000, 0x00000000d6e00000)
  object space 201728K, 61% used [0x0000000084a00000,0x000000008c30a088,0x0000000090f00000)
 Metaspace       used 72572K, capacity 74780K, committed 75008K, reserved 1116160K
  class space    used 8694K, capacity 9216K, committed 9216K, reserved 1048576K
Event: 25.266 GC heap after
Heap after GC invocations=27 (full 3):
 PSYoungGen      total 412160K, used 79927K [0x00000000d6e00000, 0x00000000f7600000, 0x0000000100000000)
  eden space 324096K, 0% used [0x00000000d6e00000,0x00000000d6e00000,0x00000000eaa80000)
  from space 88064K, 90% used [0x00000000f0c00000,0x00000000f5a0dff0,0x00000000f6200000)
  to   space 99840K, 0% used [0x00000000eaa80000,0x00000000eaa80000,0x00000000f0c00000)
 ParOldGen       total 201728K, used 132541K [0x0000000084a00000, 0x0000000090f00000, 0x00000000d6e00000)
  object space 201728K, 65% used [0x0000000084a00000,0x000000008cb6f4f0,0x0000000090f00000)
 Metaspace       used 72572K, capacity 74780K, committed 75008K, reserved 1116160K
  class space    used 8694K, capacity 9216K, committed 9216K, reserved 1048576K
}
Event: 25.663 GC heap before
{Heap before GC invocations=28 (full 3):
 PSYoungGen      total 412160K, used 404023K [0x00000000d6e00000, 0x00000000f7600000, 0x0000000100000000)
  eden space 324096K, 100% used [0x00000000d6e00000,0x00000000eaa80000,0x00000000eaa80000)
  from space 88064K, 90% used [0x00000000f0c00000,0x00000000f5a0dff0,0x00000000f6200000)
  to   space 99840K, 0% used [0x00000000eaa80000,0x00000000eaa80000,0x00000000f0c00000)
 ParOldGen       total 201728K, used 132541K [0x0000000084a00000, 0x0000000090f00000, 0x00000000d6e00000)
  object space 201728K, 65% used [0x0000000084a00000,0x000000008cb6f508,0x0000000090f00000)
 Metaspace       used 72597K, capacity 74780K, committed 75008K, reserved 1116160K
  class space    used 8694K, capacity 9216K, committed 9216K, reserved 1048576K
Event: 25.730 GC heap after
Heap after GC invocations=28 (full 3):
 PSYoungGen      total 423936K, used 80763K [0x00000000d6e00000, 0x00000000fb900000, 0x0000000100000000)
  eden space 324096K, 0% used [0x00000000d6e00000,0x00000000d6e00000,0x00000000eaa80000)
  from space 99840K, 80% used [0x00000000eaa80000,0x00000000ef95eee8,0x00000000f0c00000)
  to   space 109056K, 0% used [0x00000000f4e80000,0x00000000f4e80000,0x00000000fb900000)
 ParOldGen       total 201728K, used 155067K [0x0000000084a00000, 0x0000000090f00000, 0x00000000d6e00000)
  object space 201728K, 76% used [0x0000000084a00000,0x000000008e16edd8,0x0000000090f00000)
 Metaspace       used 72597K, capacity 74780K, committed 75008K, reserved 1116160K
  class space    used 8694K, capacity 9216K, committed 9216K, reserved 1048576K
}
Event: 26.184 GC heap before
{Heap before GC invocations=29 (full 3):
 PSYoungGen      total 423936K, used 404859K [0x00000000d6e00000, 0x00000000fb900000, 0x0000000100000000)
  eden space 324096K, 100% used [0x00000000d6e00000,0x00000000eaa80000,0x00000000eaa80000)
  from space 99840K, 80% used [0x00000000eaa80000,0x00000000ef95eee8,0x00000000f0c00000)
  to   space 109056K, 0% used [0x00000000f4e80000,0x00000000f4e80000,0x00000000fb900000)
 ParOldGen       total 201728K, used 155069K [0x0000000084a00000, 0x0000000090f00000, 0x00000000d6e00000)
  object space 201728K, 76% used [0x0000000084a00000,0x000000008e16f568,0x0000000090f00000)
 Metaspace       used 72626K, capacity 74780K, committed 75008K, reserved 1116160K
  class space    used 8694K, capacity 9216K, committed 9216K, reserved 1048576K
Event: 26.243 GC heap after
Heap after GC invocations=29 (full 3):
 PSYoungGen      total 478720K, used 46534K [0x00000000d6e00000, 0x00000000fad80000, 0x0000000100000000)
  eden space 381440K, 0% used [0x00000000d6e00000,0x00000000d6e00000,0x00000000ee280000)
  from space 97280K, 47% used [0x00000000f4e80000,0x00000000f7bf1ad8,0x00000000fad80000)
  to   space 103936K, 0% used [0x00000000ee280000,0x00000000ee280000,0x00000000f4800000)
 ParOldGen       total 201728K, used 184159K [0x0000000084a00000, 0x0000000090f00000, 0x00000000d6e00000)
  object space 201728K, 91% used [0x0000000084a00000,0x000000008fdd7e40,0x0000000090f00000)
 Metaspace       used 72626K, capacity 74780K, committed 75008K, reserved 1116160K
  class space    used 8694K, capacity 9216K, committed 9216K, reserved 1048576K
}
Event: 26.243 GC heap before
{Heap before GC invocations=30 (full 4):
 PSYoungGen      total 478720K, used 46534K [0x00000000d6e00000, 0x00000000fad80000, 0x0000000100000000)
  eden space 381440K, 0% used [0x00000000d6e00000,0x00000000d6e00000,0x00000000ee280000)
  from space 97280K, 47% used [0x00000000f4e80000,0x00000000f7bf1ad8,0x00000000fad80000)
  to   space 103936K, 0% used [0x00000000ee280000,0x00000000ee280000,0x00000000f4800000)
 ParOldGen       total 201728K, used 184159K [0x0000000084a00000, 0x0000000090f00000, 0x00000000d6e00000)
  object space 201728K, 91% used [0x0000000084a00000,0x000000008fdd7e40,0x0000000090f00000)
 Metaspace       used 72626K, capacity 74780K, committed 75008K, reserved 1116160K
  class space    used 8694K, capacity 9216K, committed 9216K, reserved 1048576K

